<?xml version="1.0" encoding="utf-8"?><testsuites><testsuite name="pytest" errors="0" failures="0" skipped="0" tests="88" time="11.997" timestamp="2024-03-26T04:13:35.131973" hostname="DESKTOP-UHJ0GCC"><testcase classname="tests.test_dimensional_matrix" name="test_variables" time="0.061" /><testcase classname="tests.test_dimensional_matrix" name="test_dimensions" time="0.015" /><testcase classname="tests.test_dimensional_matrix" name="test_matrix" time="0.009" /><testcase classname="tests.test_dimensional_matrix" name="test_labeled_matrix" time="0.005" /><testcase classname="tests.test_dimensional_matrix" name="test_rank" time="0.034" /><testcase classname="tests.test_dimensional_matrix" name="test_matrix_display" time="0.009" /><testcase classname="tests.test_dimensional_model" name="test_variables" time="0.046" /><testcase classname="tests.test_dimensional_model" name="test_dimensions" time="0.014" /><testcase classname="tests.test_dimensional_model" name="test_dimensional_matrix" time="0.013" /><testcase classname="tests.test_dimensional_model" name="test_model_creation" time="0.007" /><testcase classname="tests.test_dimensional_model" name="test_dimensional_model_display" time="0.014" /><testcase classname="tests.test_internal.ipynb" name="Cell 0" time="1.503" /><testcase classname="tests.test_internal.ipynb" name="Cell 1" time="0.538" /><testcase classname="tests.test_internal.ipynb" name="Cell 2" time="0.012" /><testcase classname="tests.test_internal.ipynb" name="Cell 3" time="0.065" /><testcase classname="tests.test_internal.ipynb" name="Cell 4" time="0.263" /><testcase classname="tests.test_internal.ipynb" name="Cell 5" time="0.141" /><testcase classname="tests.test_internal" name="test_environment" time="0.001" /><testcase classname="tests.test_internal" name="test_show_object" time="0.212" /><testcase classname="tests.test_internal" name="test_horizontal_line" time="0.003" /><testcase classname="tests.test_internal" name="test_obtain_dimensions" time="0.006" /><testcase classname="tests.test_internal" name="test_build_dimensional_matrix" time="0.009" /><testcase classname="tests.test_model_function" name="test_dependent_and_independent_variables" time="0.009" /><testcase classname="tests.test_model_function" name="test_function_creation" time="0.010" /><testcase classname="tests.test_model_function" name="test_function_display" time="0.008" /><testcase classname="tests.test_nondimensional_model" name="test_validation_of_scaling_variables" time="0.029" /><testcase classname="tests.test_nondimensional_model" name="test_nondimensional_model" time="0.024" /><testcase classname="tests.test_nondimensional_model" name="test_build_of_nondimensional_model" time="0.009" /><testcase classname="tests.test_nondimensional_model" name="test_check_of_scaling_variables" time="0.012" /><testcase classname="tests.test_nondimensional_model" name="test_special_case" time="0.028" /><testcase classname="tests.test_nondimensional_model" name="test_nondimensional_model_display" time="0.022" /><testcase classname="tests.test_nondimensional_models" name="test_scaling_variables" time="0.008" /><testcase classname="tests.test_nondimensional_models" name="test_scaling_groups" time="0.096" /><testcase classname="tests.test_nondimensional_models" name="test_nondimensional_models" time="0.068" /><testcase classname="tests.test_nondimensional_models" name="test_nondimensional_models_display" time="0.046" /><testcase classname="tests.test_variable" name="test_name" time="0.001" /><testcase classname="tests.test_variable" name="test_dimensions" time="0.001" /><testcase classname="tests.test_variable" name="test_nondimensional" time="0.001" /><testcase classname="tests.test_variable" name="test_dependent" time="0.001" /><testcase classname="tests.test_variable" name="test_scaling" time="0.001" /><testcase classname="tests.test_variable" name="test_dependent_and_scaling" time="0.001" /><testcase classname="tests.test_variable" name="test_scaling_and_nondimensional" time="0.001" /><testcase classname="tests.test_variable_group" name="test_variables" time="0.007" /><testcase classname="tests.test_variable_group" name="test_exponents" time="0.006" /><testcase classname="tests.test_variable_group" name="test_exponents_type" time="0.001" /><testcase classname="tests.test_variable_group" name="test_validation_of_variables" time="0.002" /><testcase classname="tests.test_variable_group" name="test_validation_of_exponents" time="0.001" /><testcase classname="tests.test_variable_group" name="test_validation_of_variables_and_exponents" time="0.003" /><testcase classname="tests.test_variable_group" name="test_dependent" time="0.009" /><testcase classname="tests.test_variable_group" name="test_dimensions" time="0.009" /><testcase classname="tests.test_variable_group" name="test_nondimensional" time="0.015" /><testcase classname="docs.tutorials.00_nodimo_classes.ipynb" name="Cell 0" time="1.419" /><testcase classname="docs.tutorials.00_nodimo_classes.ipynb" name="Cell 1" time="0.542" /><testcase classname="docs.tutorials.00_nodimo_classes.ipynb" name="Cell 2" time="0.011" /><testcase classname="docs.tutorials.00_nodimo_classes.ipynb" name="Cell 3" time="0.012" /><testcase classname="docs.tutorials.00_nodimo_classes.ipynb" name="Cell 4" time="0.024" /><testcase classname="docs.tutorials.00_nodimo_classes.ipynb" name="Cell 5" time="0.014" /><testcase classname="docs.tutorials.00_nodimo_classes.ipynb" name="Cell 6" time="0.014" /><testcase classname="docs.tutorials.00_nodimo_classes.ipynb" name="Cell 7" time="0.014" /><testcase classname="docs.tutorials.00_nodimo_classes.ipynb" name="Cell 8" time="0.012" /><testcase classname="docs.tutorials.00_nodimo_classes.ipynb" name="Cell 9" time="0.314" /><testcase classname="docs.tutorials.00_nodimo_classes.ipynb" name="Cell 10" time="0.014" /><testcase classname="docs.tutorials.00_nodimo_classes.ipynb" name="Cell 11" time="0.015" /><testcase classname="docs.tutorials.00_nodimo_classes.ipynb" name="Cell 12" time="0.016" /><testcase classname="docs.tutorials.00_nodimo_classes.ipynb" name="Cell 13" time="0.015" /><testcase classname="docs.tutorials.00_nodimo_classes.ipynb" name="Cell 14" time="0.013" /><testcase classname="docs.tutorials.00_nodimo_classes.ipynb" name="Cell 15" time="0.013" /><testcase classname="docs.tutorials.00_nodimo_classes.ipynb" name="Cell 16" time="0.015" /><testcase classname="docs.tutorials.00_nodimo_classes.ipynb" name="Cell 17" time="0.025" /><testcase classname="docs.tutorials.00_nodimo_classes.ipynb" name="Cell 18" time="0.013" /><testcase classname="docs.tutorials.00_nodimo_classes.ipynb" name="Cell 19" time="0.013" /><testcase classname="docs.tutorials.00_nodimo_classes.ipynb" name="Cell 20" time="0.013" /><testcase classname="docs.tutorials.00_nodimo_classes.ipynb" name="Cell 21" time="0.036" /><testcase classname="docs.tutorials.00_nodimo_classes.ipynb" name="Cell 22" time="0.017" /><testcase classname="docs.tutorials.00_nodimo_classes.ipynb" name="Cell 23" time="0.012" /><testcase classname="docs.tutorials.00_nodimo_classes.ipynb" name="Cell 24" time="0.011" /><testcase classname="docs.tutorials.00_nodimo_classes.ipynb" name="Cell 25" time="0.055" /><testcase classname="docs.tutorials.00_nodimo_classes.ipynb" name="Cell 26" time="0.169" /><testcase classname="docs.tutorials.01_simple_pendulum.ipynb" name="Cell 0" time="1.460" /><testcase classname="docs.tutorials.01_simple_pendulum.ipynb" name="Cell 1" time="0.539" /><testcase classname="docs.tutorials.01_simple_pendulum.ipynb" name="Cell 2" time="0.014" /><testcase classname="docs.tutorials.01_simple_pendulum.ipynb" name="Cell 3" time="0.070" /><testcase classname="docs.tutorials.01_simple_pendulum.ipynb" name="Cell 4" time="0.146" /><testcase classname="docs.tutorials.02_free_fall.ipynb" name="Cell 0" time="1.419" /><testcase classname="docs.tutorials.02_free_fall.ipynb" name="Cell 1" time="0.488" /><testcase classname="docs.tutorials.02_free_fall.ipynb" name="Cell 2" time="0.013" /><testcase classname="docs.tutorials.02_free_fall.ipynb" name="Cell 3" time="0.075" /><testcase classname="docs.tutorials.02_free_fall.ipynb" name="Cell 4" time="0.162" /></testsuite></testsuites>